This file contains any messages produced by compilers while
running configure, to aid debugging if configure makes a mistake.

It was created by GNU C Library configure (see version.h), which was
generated by GNU Autoconf 2.71.  Invocation command line was

  $ ../glibc-2.38/configure --prefix=/opt/glibc

## --------- ##
## Platform. ##
## --------- ##

hostname = mobileshizz-funkin-nldhohyts5j
uname -m = x86_64
uname -r = 6.1.75-060175-generic
uname -s = Linux
uname -v = #202402010024 SMP PREEMPT_DYNAMIC Thu Feb  1 01:44:23 UTC 2024

/usr/bin/uname -p = x86_64
/bin/uname -X     = unknown

/bin/arch              = x86_64
/usr/bin/arch -k       = unknown
/usr/convex/getsysinfo = unknown
/usr/bin/hostinfo      = unknown
/bin/machine           = unknown
/usr/bin/oslevel       = unknown
/bin/universe          = unknown

PATH: /workspace/.cargo/bin/
PATH: /home/gitpod/.pyenv/shims/
PATH: /workspace/go/bin/
PATH: /home/gitpod/.nix-profile/bin/
PATH: /ide/bin/remote-cli/
PATH: /home/gitpod/.nix-profile/bin/
PATH: /home/gitpod/.local/bin/
PATH: /home/gitpod/.sdkman/candidates/maven/current/bin/
PATH: /home/gitpod/.sdkman/candidates/java/current/bin/
PATH: /home/gitpod/.sdkman/candidates/gradle/current/bin/
PATH: /workspace/.cargo/bin/
PATH: /home/gitpod/.rvm/gems/ruby-3.2.4/bin/
PATH: /home/gitpod/.rvm/gems/ruby-3.2.4@global/bin/
PATH: /home/gitpod/.rvm/rubies/ruby-3.2.4/bin/
PATH: /workspace/go/bin/
PATH: /home/gitpod/.nix-profile/bin/
PATH: /ide/bin/remote-cli/
PATH: /home/gitpod/go/bin/
PATH: /home/gitpod/go-packages/bin/
PATH: /home/gitpod/.nvm/versions/node/v20.12.2/bin/
PATH: /home/gitpod/.yarn/bin/
PATH: /home/gitpod/.pnpm/
PATH: /home/gitpod/.pyenv/bin/
PATH: /home/gitpod/.rvm/bin/
PATH: /home/gitpod/.cargo/bin/
PATH: /home/linuxbrew/.linuxbrew/bin/
PATH: /home/linuxbrew/.linuxbrew/sbin/
PATH: /home/gitpod/.local/bin/
PATH: /usr/games/
PATH: /usr/local/sbin/
PATH: /usr/local/bin/
PATH: /usr/sbin/
PATH: /usr/bin/
PATH: /sbin/
PATH: /bin/
PATH: /home/gitpod/.nvm/versions/node/v20.12.2/bin/
PATH: /home/gitpod/.rvm/bin/
PATH: /home/gitpod/.nvm/versions/node/v20.12.2/bin/
PATH: /home/gitpod/.rvm/bin/


## ----------- ##
## Core tests. ##
## ----------- ##

configure:2662: looking for aux files: install-sh config.guess config.sub
configure:2675:  trying ../glibc-2.38/scripts/
configure:2686:   ../glibc-2.38/scripts/install-sh found
configure:2704:   ../glibc-2.38/scripts/config.guess found
configure:2704:   ../glibc-2.38/scripts/config.sub found
configure:2901: checking build system type
configure:2916: result: x86_64-pc-linux-gnu
configure:2936: checking host system type
configure:2950: result: x86_64-pc-linux-gnu
configure:3033: checking for gcc
configure:3054: found /usr/bin/gcc
configure:3065: result: gcc
configure:3418: checking for C compiler version
configure:3427: gcc --version >&5
gcc (Ubuntu 11.4.0-1ubuntu1~22.04) 11.4.0
Copyright (C) 2021 Free Software Foundation, Inc.
This is free software; see the source for copying conditions.  There is NO
warranty; not even for MERCHANTABILITY or FITNESS FOR A PARTICULAR PURPOSE.

configure:3438: $? = 0
configure:3427: gcc -v >&5
Using built-in specs.
COLLECT_GCC=gcc
COLLECT_LTO_WRAPPER=/usr/lib/gcc/x86_64-linux-gnu/11/lto-wrapper
OFFLOAD_TARGET_NAMES=nvptx-none:amdgcn-amdhsa
OFFLOAD_TARGET_DEFAULT=1
Target: x86_64-linux-gnu
Configured with: ../src/configure -v --with-pkgversion='Ubuntu 11.4.0-1ubuntu1~22.04' --with-bugurl=file:///usr/share/doc/gcc-11/README.Bugs --enable-languages=c,ada,c++,go,brig,d,fortran,objc,obj-c++,m2 --prefix=/usr --with-gcc-major-version-only --program-suffix=-11 --program-prefix=x86_64-linux-gnu- --enable-shared --enable-linker-build-id --libexecdir=/usr/lib --without-included-gettext --enable-threads=posix --libdir=/usr/lib --enable-nls --enable-bootstrap --enable-clocale=gnu --enable-libstdcxx-debug --enable-libstdcxx-time=yes --with-default-libstdcxx-abi=new --enable-gnu-unique-object --disable-vtable-verify --enable-plugin --enable-default-pie --with-system-zlib --enable-libphobos-checking=release --with-target-system-zlib=auto --enable-objc-gc=auto --enable-multiarch --disable-werror --enable-cet --with-arch-32=i686 --with-abi=m64 --with-multilib-list=m32,m64,mx32 --enable-multilib --with-tune=generic --enable-offload-targets=nvptx-none=/build/gcc-11-XeT9lY/gcc-11-11.4.0/debian/tmp-nvptx/usr,amdgcn-amdhsa=/build/gcc-11-XeT9lY/gcc-11-11.4.0/debian/tmp-gcn/usr --without-cuda-driver --enable-checking=release --build=x86_64-linux-gnu --host=x86_64-linux-gnu --target=x86_64-linux-gnu --with-build-config=bootstrap-lto-lean --enable-link-serialization=2
Thread model: posix
Supported LTO compression algorithms: zlib zstd
gcc version 11.4.0 (Ubuntu 11.4.0-1ubuntu1~22.04) 
... rest of stderr output deleted ...
configure:3438: $? = 0
configure:3427: gcc -V >&5
gcc: error: unrecognized command-line option '-V'
gcc: fatal error: no input files
compilation terminated.
configure:3438: $? = 1
configure:3427: gcc -qversion >&5
gcc: error: unrecognized command-line option '-qversion'; did you mean '--version'?
gcc: fatal error: no input files
compilation terminated.
configure:3438: $? = 1
configure:3427: gcc -version >&5
gcc: error: unrecognized command-line option '-version'
gcc: fatal error: no input files
compilation terminated.
configure:3438: $? = 1
configure:3443: checking for suffix of object files
configure:3466: gcc -c   conftest.c >&5
configure:3470: $? = 0
configure:3492: result: o
configure:3496: checking whether the compiler supports GNU C
configure:3516: gcc -c   conftest.c >&5
configure:3516: $? = 0
configure:3526: result: yes
configure:3537: checking whether gcc accepts -g
configure:3558: gcc -c -g  conftest.c >&5
configure:3558: $? = 0
configure:3602: result: yes
configure:3622: checking for gcc option to enable C11 features
configure:3637: gcc  -c -g -O2  conftest.c >&5
configure:3637: $? = 0
configure:3655: result: none needed
configure:3894: checking for g++
configure:3915: found /usr/bin/g++
configure:3926: result: g++
configure:3953: checking for C++ compiler version
configure:3962: g++ --version >&5
g++ (Ubuntu 11.4.0-1ubuntu1~22.04) 11.4.0
Copyright (C) 2021 Free Software Foundation, Inc.
This is free software; see the source for copying conditions.  There is NO
warranty; not even for MERCHANTABILITY or FITNESS FOR A PARTICULAR PURPOSE.

configure:3973: $? = 0
configure:3962: g++ -v >&5
Using built-in specs.
COLLECT_GCC=g++
COLLECT_LTO_WRAPPER=/usr/lib/gcc/x86_64-linux-gnu/11/lto-wrapper
OFFLOAD_TARGET_NAMES=nvptx-none:amdgcn-amdhsa
OFFLOAD_TARGET_DEFAULT=1
Target: x86_64-linux-gnu
Configured with: ../src/configure -v --with-pkgversion='Ubuntu 11.4.0-1ubuntu1~22.04' --with-bugurl=file:///usr/share/doc/gcc-11/README.Bugs --enable-languages=c,ada,c++,go,brig,d,fortran,objc,obj-c++,m2 --prefix=/usr --with-gcc-major-version-only --program-suffix=-11 --program-prefix=x86_64-linux-gnu- --enable-shared --enable-linker-build-id --libexecdir=/usr/lib --without-included-gettext --enable-threads=posix --libdir=/usr/lib --enable-nls --enable-bootstrap --enable-clocale=gnu --enable-libstdcxx-debug --enable-libstdcxx-time=yes --with-default-libstdcxx-abi=new --enable-gnu-unique-object --disable-vtable-verify --enable-plugin --enable-default-pie --with-system-zlib --enable-libphobos-checking=release --with-target-system-zlib=auto --enable-objc-gc=auto --enable-multiarch --disable-werror --enable-cet --with-arch-32=i686 --with-abi=m64 --with-multilib-list=m32,m64,mx32 --enable-multilib --with-tune=generic --enable-offload-targets=nvptx-none=/build/gcc-11-XeT9lY/gcc-11-11.4.0/debian/tmp-nvptx/usr,amdgcn-amdhsa=/build/gcc-11-XeT9lY/gcc-11-11.4.0/debian/tmp-gcn/usr --without-cuda-driver --enable-checking=release --build=x86_64-linux-gnu --host=x86_64-linux-gnu --target=x86_64-linux-gnu --with-build-config=bootstrap-lto-lean --enable-link-serialization=2
Thread model: posix
Supported LTO compression algorithms: zlib zstd
gcc version 11.4.0 (Ubuntu 11.4.0-1ubuntu1~22.04) 
... rest of stderr output deleted ...
configure:3973: $? = 0
configure:3962: g++ -V >&5
g++: error: unrecognized command-line option '-V'
g++: fatal error: no input files
compilation terminated.
configure:3973: $? = 1
configure:3962: g++ -qversion >&5
g++: error: unrecognized command-line option '-qversion'; did you mean '--version'?
g++: fatal error: no input files
compilation terminated.
configure:3973: $? = 1
configure:3977: checking whether the compiler supports GNU C++
configure:3997: g++ -c   conftest.cpp >&5
configure:3997: $? = 0
configure:4007: result: yes
configure:4018: checking whether g++ accepts -g
configure:4039: g++ -c -g  conftest.cpp >&5
configure:4039: $? = 0
configure:4083: result: yes
configure:4103: checking for g++ option to enable C++11 features
configure:4118: g++  -c -g -O2  conftest.cpp >&5
conftest.cpp: In function 'int main(int, char**)':
conftest.cpp:177:25: warning: empty parentheses were disambiguated as a function declaration [-Wvexing-parse]
  177 |   cxx11test::delegate d2();
      |                         ^~
conftest.cpp:177:25: note: remove parentheses to default-initialize a variable
  177 |   cxx11test::delegate d2();
      |                         ^~
      |                         --
conftest.cpp:177:25: note: or replace parentheses with braces to value-initialize a variable
configure:4118: $? = 0
configure:4136: result: none needed
configure:4202: checking whether g++ can link programs
configure:4226: g++ -o conftest -g -O2   conftest.cpp  >&5
configure:4226: $? = 0
configure:4250: g++ -o conftest -g -O2   -static conftest.cpp  >&5
configure:4250: $? = 0
configure:4266: result: yes
configure:4811: gcc -E  conftest.c
configure:4811: $? = 0
configure:4901: checking for sysdeps preconfigure fragments
configure:6: checking for grep that handles long lines and -e
configure:70: result: /usr/bin/grep
configure:75: checking for egrep
configure:143: result: /usr/bin/grep -E
configure:6: checking for grep that handles long lines and -e
configure:70: result: /usr/bin/grep
configure:75: checking for egrep
configure:143: result: /usr/bin/grep -E
configure:9: checking whether gcc compiles in -mx32 mode by default
configure:28: gcc -c -g -O2  conftest.c >&5
conftest.c:14:3: error: #error not x32
   14 | # error not x32
      |   ^~~~~
configure:28: $? = 1
configure: failed program was:
| /* confdefs.h */
| #define PACKAGE_NAME "GNU C Library"
| #define PACKAGE_TARNAME "glibc"
| #define PACKAGE_VERSION "(see version.h)"
| #define PACKAGE_STRING "GNU C Library (see version.h)"
| #define PACKAGE_BUGREPORT "https://sourceware.org/bugzilla/"
| #define PACKAGE_URL "https://www.gnu.org/software/glibc/"
| #define PKGVERSION "(GNU libc) "
| #define REPORT_BUGS_TO "<https://www.gnu.org/software/libc/bugs.html>"
| #define TIMEOUTFACTOR 1
| #define USE_PPC_SCV 1
| /* end confdefs.h.  */
| #ifndef __ILP32__
| # error not x32
| #endif
| int
| main (void)
| {
| 
|   ;
|   return 0;
| }
configure:36: result: no
configure:4908: result: 
configure:4954: checking for a BSD-compatible install
configure:5027: result: /usr/bin/install -c
configure:5042: checking whether ln -s works
configure:5046: result: yes
configure:5244: checking for ld
configure:5276: result: ld
configure:5291: checking version of ld
configure:5301: result: 2.38, ok
configure:5318: checking for gnumake
configure:5353: result: no
configure:5318: checking for gmake
configure:5339: found /usr/bin/gmake
configure:5350: result: gmake
configure:5365: checking version of gmake
configure:5375: result: 4.3, ok
configure:5387: checking for gnumsgfmt
configure:5422: result: no
configure:5387: checking for gmsgfmt
configure:5422: result: no
configure:5387: checking for msgfmt
configure:5422: result: no
configure:5455: checking for makeinfo
configure:5490: result: no
configure:5523: checking for sed
configure:5544: found /usr/bin/sed
configure:5555: result: sed
configure:5570: checking version of sed
configure:5580: result: 4.8, ok
configure:5591: checking for gawk
configure:5612: found /usr/bin/gawk
configure:5623: result: gawk
configure:5638: checking version of gawk
configure:5648: result: 5.1.0, ok
configure:5659: checking for bison
configure:5680: found /usr/bin/bison
configure:5691: result: bison
configure:5706: checking version of bison
configure:5716: result: 3.8.2, ok
configure:5724: checking if gcc is sufficient to build libc
configure:5745: gcc -E  conftest.c
configure:5745: $? = 0
configure:5753: result: yes
configure:5841: checking for python3
configure:5862: found /home/gitpod/.pyenv/shims/python3
configure:5873: result: python3
configure:5888: checking version of python3
configure:5898: result: 3.12.3, ok
configure:5912: WARNING:
*** These auxiliary programs are missing or incompatible versions: msgfmt makeinfo
*** some features or tests will be disabled.
*** Check the INSTALL file for required versions.
configure:5923: checking for use of fpu sysdeps directories
configure:5943: result: yes
configure:5947: checking for -fstack-protector
configure:5954: gcc -g -O2  -Werror -fstack-protector -xc /dev/null -S -o /dev/null
configure:5957: $? = 0
configure:5966: result: yes
configure:5969: checking for -fstack-protector-strong
configure:5976: gcc -g -O2  -Werror -fstack-protector-strong -xc /dev/null -S -o /dev/null
configure:5979: $? = 0
configure:5988: result: yes
configure:5991: checking for -fstack-protector-all
configure:5998: gcc -g -O2  -Werror -fstack-protector-all -xc /dev/null -S -o /dev/null
configure:6001: $? = 0
configure:6010: result: yes
configure:6053: checking for assembler and linker STT_GNU_IFUNC support

Relocation section '.rela.dyn' at offset 0x248 contains 1 entry:
  Offset          Info           Type           Sym. Value    Sym. Name + Addend
000000002000  000000000025 R_X86_64_IRELATIV                    1000
configure:6085: result: yes
configure:6089: checking for gcc attribute ifunc support
configure:6116: result: yes
configure:6121: checking whether the linker supports textrels along with ifunc
configure:6152: gcc -g -O2   -nostartfiles -nostdlib -fno-stack-protector -pie -o conftest conftest.S
/usr/bin/ld: /tmp/ccCqyqfe.o: warning: relocation against `address' in read-only section `.text'
/usr/bin/ld: warning: GNU indirect functions with DT_TEXTREL may result in a segfault at runtime; recompile with -fPIE
/usr/bin/ld: warning: creating DT_TEXTREL in a PIE
configure:6155: $? = 0
configure:6162: result: yes
configure:6167: checking for GNU attribute retain support
configure:6183: result: yes
configure:6193: checking if compiler warns about alias for function with incompatible types
conftest.c:9:34: error: 'foo_alias' alias between functions of incompatible types 'int(const void *, int)' and 'int (*(void))(const void *, int)' [-Werror=attribute-alias=]
    9 | extern __typeof (__redirect_foo) foo_alias __attribute__ ((alias ("foo")));
      |                                  ^~~~~~~~~
conftest.c:4:28: note: aliased declaration here
    4 | __typeof (__redirect_foo) *foo_impl (void)
      |                            ^~~~~~~~
cc1: all warnings being treated as errors
configure:6216: result: yes
configure:6254: checking sysdep dirs
configure:6452: result: sysdeps/generic
configure:6500: checking LD_LIBRARY_PATH variable
configure:6510: result: ok
configure:6521: checking for bash
configure:6544: found /usr/bin/bash
configure:6557: result: /usr/bin/bash
configure:6568: checking for perl
configure:6591: found /usr/bin/perl
configure:6604: result: /usr/bin/perl
configure:6618: checking for install-info
configure:6642: found /usr/bin/install-info
configure:6655: result: /usr/bin/install-info
configure:6664: checking for .set assembler directive
configure:6691: result: yes
configure:6698: checking linker support for protected data symbol
configure:6709: gcc -nostdlib -nostartfiles -fno-stack-protector -fPIC -shared conftest.c -o conftest.so
configure:6712: $? = 0
configure:6719: gcc -nostdlib -nostartfiles -fno-stack-protector conftest.c -o conftest conftest.so
/usr/bin/ld: warning: cannot find entry symbol _start; defaulting to 0000000000001000
configure:6722: $? = 0
configure:6730: result: yes
configure:6734: checking linker support for INSERT in linker script
configure:6753: gcc -nostdlib -nostartfiles -fno-stack-protector -fPIC -shared conftest.c -Wl,-T,conftest.t -o conftest.so
configure:6756: $? = 0
configure:6763: result: yes
configure:6767: checking for broken __attribute__((alias()))
configure:6783: gcc -Werror -S conftest.c -o conftest.s 1>&5
configure:6786: $? = 0
configure:6796: result: no
configure:6802: checking whether to put _rtld_local into .sdata section
configure:6817: result: no
configure:6824: checking for libunwind-support in compiler
configure:6842: result: no
configure:6851: checking whether --noexecstack is desirable for .S files
configure:6862: gcc -g -O2 
		   -S -o conftest.s conftest.c 1>&5
configure:6865: $? = 0
configure:6870: gcc  -Wa,--noexecstack
		      -c -o conftest.o conftest.s 1>&5
configure:6873: $? = 0
configure:6882: result: yes
configure:6889: checking for linker that supports -z execstack
configure:6899: gcc -g -O2   -fno-stack-protector
		  -Wl,-z,execstack -nostdlib -nostartfiles
		  -fPIC -shared -o conftest.so conftest.c
		  1>&5
configure:6902: $? = 0
configure:6919: result: yes
configure:6923: checking for linker that supports -z start-stop-gc
configure:6933: gcc -g -O2   -fno-stack-protector
		  -Wl,-z,start-stop-gc -nostdlib -nostartfiles
		  -fPIC -shared -o conftest.so conftest.c
		  1>&5
configure:6936: $? = 0
configure:6953: result: yes
configure:6958: checking for linker that supports --depaudit
configure:6968: gcc -g -O2   -fno-stack-protector
		  -Wl,--depaudit,x -nostdlib -nostartfiles
		  -fPIC -shared -o conftest.so conftest.c
		  1>&5
configure:6971: $? = 0
configure:6988: result: yes
configure:6993: checking for linker that supports -z pack-relative-relocs
configure:7003: gcc -g -O2   -fno-stack-protector
		  -Wl,-z,pack-relative-relocs -nostdlib -nostartfiles
		  -fPIC -shared -o conftest.so conftest.c
		  1>&5
configure:7006: $? = 0
configure:7023: result: yes
configure:7028: checking for linker that supports --no-dynamic-linker
configure:7038: gcc -g -O2   -fno-stack-protector
		  -Wl,--no-dynamic-linker -nostdlib -nostartfiles
		  -fPIC -shared -o conftest.so conftest.c
		  1>&5
configure:7041: $? = 0
configure:7058: result: yes
configure:7063: checking for -static-pie
configure:7070: gcc -static-pie -xc /dev/null -S -o /dev/null
configure:7073: $? = 0
configure:7082: result: yes
configure:7087: checking for -fpie
configure:7094: gcc -fpie -xc /dev/null -S -o /dev/null
configure:7097: $? = 0
configure:7106: result: yes
configure:7111: checking for GLOB_DAT reloc
configure:7125: gcc -g -O2  
			-fPIC -shared -o conftest.so conftest.c
			-nostdlib -nostartfiles -fno-stack-protector
			1>&5
configure:7128: $? = 0
configure:7141: result: yes
configure:7145: checking for -mtls-dialect=gnu2
configure:7160: gcc -g -O2  -fPIC -mtls-dialect=gnu2 -nostdlib -nostartfiles
		   conftest.c -o conftest 1>&5
/usr/bin/ld: warning: cannot find entry symbol _start; defaulting to 0000000000001000
configure:7163: $? = 0
configure:7172: result: yes
configure:7178: checking if -Wno-ignored-attributes is required for aliases
configure:7193: gcc -g -O2  -Werror -c conftest.c
configure:7196: $? = 0
configure:7203: result: 
configure:7208: checking whether cc puts quotes around section names
configure:7230: result: no
configure:7237: checking for __builtin_memset
configure:7250: gcc -O3 -S conftest.c -o - | grep -F memset > /dev/null
configure:7253: $? = 1
configure:7262: result: yes
configure:7269: checking for redirection of built-in functions
configure:7283: gcc -O3 -S conftest.c -o - | grep -F my_strstr > /dev/null
configure:7286: $? = 0
configure:7295: result: yes
configure:7301: checking for compiler option to disable generation of FMA instructions
configure:7310: gcc -ffp-contract=off -xc /dev/null -S -o /dev/null
configure:7313: $? = 0
configure:7320: result: -ffp-contract=off
configure:7354: checking for compiler option that -fsignaling-nans
configure:7361: gcc -Werror -fsignaling-nans -xc /dev/null -S -o /dev/null
configure:7364: $? = 0
configure:7373: result: -fsignaling-nans
configure:7378: checking if gcc accepts -fno-tree-loop-distribute-patterns with __attribute__ ((__optimize__))
configure:7393: gcc -g -O2  -c conftest.c
configure:7396: $? = 0
configure:7403: result: yes
configure:7411: checking for libgd
configure:7431: gcc -o conftest -g -O2     conftest.c  -lgd -lpng -lz -lm >&5
conftest.c:20:10: fatal error: gd.h: No such file or directory
   20 | #include <gd.h>
      |          ^~~~~~
compilation terminated.
configure:7431: $? = 1
configure: failed program was:
| /* confdefs.h */
| #define PACKAGE_NAME "GNU C Library"
| #define PACKAGE_TARNAME "glibc"
| #define PACKAGE_VERSION "(see version.h)"
| #define PACKAGE_STRING "GNU C Library (see version.h)"
| #define PACKAGE_BUGREPORT "https://sourceware.org/bugzilla/"
| #define PACKAGE_URL "https://www.gnu.org/software/glibc/"
| #define PKGVERSION "(GNU libc) "
| #define REPORT_BUGS_TO "<https://www.gnu.org/software/libc/bugs.html>"
| #define TIMEOUTFACTOR 1
| #define USE_PPC_SCV 1
| #define HAVE_CC_NO_STACK_PROTECTOR 1
| #define STACK_PROTECTOR_LEVEL 0
| #define HAVE_GNU_RETAIN 1
| #define USE_MULTIARCH 1
| #define HAVE_ASM_SET_DIRECTIVE 1
| #define HAVE_BUILTIN_MEMSET 1
| #define HAVE_CC_INHIBIT_LOOP_TO_LIBCALL 1
| /* end confdefs.h.  */
| #include <gd.h>
| int
| main (void)
| {
| gdImagePng (0, 0)
|   ;
|   return 0;
| }
configure:7445: result: no
configure:7454: checking for is_selinux_enabled in -lselinux
configure:7477: gcc -o conftest -g -O2   conftest.c -lselinux   >&5
configure:7477: $? = 0
configure:7487: result: yes
configure:7509: checking for audit_log_user_avc_message in -laudit
configure:7532: gcc -o conftest -g -O2   conftest.c -laudit   >&5
/usr/bin/ld: cannot find -laudit: No such file or directory
collect2: error: ld returned 1 exit status
configure:7532: $? = 1
configure: failed program was:
| /* confdefs.h */
| #define PACKAGE_NAME "GNU C Library"
| #define PACKAGE_TARNAME "glibc"
| #define PACKAGE_VERSION "(see version.h)"
| #define PACKAGE_STRING "GNU C Library (see version.h)"
| #define PACKAGE_BUGREPORT "https://sourceware.org/bugzilla/"
| #define PACKAGE_URL "https://www.gnu.org/software/glibc/"
| #define PKGVERSION "(GNU libc) "
| #define REPORT_BUGS_TO "<https://www.gnu.org/software/libc/bugs.html>"
| #define TIMEOUTFACTOR 1
| #define USE_PPC_SCV 1
| #define HAVE_CC_NO_STACK_PROTECTOR 1
| #define STACK_PROTECTOR_LEVEL 0
| #define HAVE_GNU_RETAIN 1
| #define USE_MULTIARCH 1
| #define HAVE_ASM_SET_DIRECTIVE 1
| #define HAVE_BUILTIN_MEMSET 1
| #define HAVE_CC_INHIBIT_LOOP_TO_LIBCALL 1
| #define HAVE_SELINUX 1
| /* end confdefs.h.  */
| 
| /* Override any GCC internal prototype to avoid an error.
|    Use char because int might match the return type of a GCC
|    builtin and then its argument prototype would still apply.  */
| char audit_log_user_avc_message ();
| int
| main (void)
| {
| return audit_log_user_avc_message ();
|   ;
|   return 0;
| }
configure:7542: result: no
configure:7559: checking for cap_init in -lcap
configure:7582: gcc -o conftest -g -O2   conftest.c -lcap   >&5
/usr/bin/ld: cannot find -lcap: No such file or directory
collect2: error: ld returned 1 exit status
configure:7582: $? = 1
configure: failed program was:
| /* confdefs.h */
| #define PACKAGE_NAME "GNU C Library"
| #define PACKAGE_TARNAME "glibc"
| #define PACKAGE_VERSION "(see version.h)"
| #define PACKAGE_STRING "GNU C Library (see version.h)"
| #define PACKAGE_BUGREPORT "https://sourceware.org/bugzilla/"
| #define PACKAGE_URL "https://www.gnu.org/software/glibc/"
| #define PKGVERSION "(GNU libc) "
| #define REPORT_BUGS_TO "<https://www.gnu.org/software/libc/bugs.html>"
| #define TIMEOUTFACTOR 1
| #define USE_PPC_SCV 1
| #define HAVE_CC_NO_STACK_PROTECTOR 1
| #define STACK_PROTECTOR_LEVEL 0
| #define HAVE_GNU_RETAIN 1
| #define USE_MULTIARCH 1
| #define HAVE_ASM_SET_DIRECTIVE 1
| #define HAVE_BUILTIN_MEMSET 1
| #define HAVE_CC_INHIBIT_LOOP_TO_LIBCALL 1
| #define HAVE_SELINUX 1
| /* end confdefs.h.  */
| 
| /* Override any GCC internal prototype to avoid an error.
|    Use char because int might match the return type of a GCC
|    builtin and then its argument prototype would still apply.  */
| char cap_init ();
| int
| main (void)
| {
| return cap_init ();
|   ;
|   return 0;
| }
configure:7592: result: no
configure:7613: checking for maximum supported _FORTIFY_SOURCE level
configure:7631: gcc -o conftest -g -O2   conftest.c  >&5
conftest.c: In function 'main':
conftest.c:25:1: warning: implicit declaration of function '__builtin_dynamic_object_size'; did you mean '__builtin_object_size'? [-Wimplicit-function-declaration]
   25 | __builtin_dynamic_object_size("", 0)
      | ^~~~~~~~~~~~~~~~~~~~~~~~~~~~~
      | __builtin_object_size
/usr/bin/ld: /tmp/cccx3dNT.o: in function `main':
/workspace/Funkin/gitpodspecifcs/buildshit/conftest.c:25: undefined reference to `__builtin_dynamic_object_size'
collect2: error: ld returned 1 exit status
configure:7631: $? = 1
configure: failed program was:
| /* confdefs.h */
| #define PACKAGE_NAME "GNU C Library"
| #define PACKAGE_TARNAME "glibc"
| #define PACKAGE_VERSION "(see version.h)"
| #define PACKAGE_STRING "GNU C Library (see version.h)"
| #define PACKAGE_BUGREPORT "https://sourceware.org/bugzilla/"
| #define PACKAGE_URL "https://www.gnu.org/software/glibc/"
| #define PKGVERSION "(GNU libc) "
| #define REPORT_BUGS_TO "<https://www.gnu.org/software/libc/bugs.html>"
| #define TIMEOUTFACTOR 1
| #define USE_PPC_SCV 1
| #define HAVE_CC_NO_STACK_PROTECTOR 1
| #define STACK_PROTECTOR_LEVEL 0
| #define HAVE_GNU_RETAIN 1
| #define USE_MULTIARCH 1
| #define HAVE_ASM_SET_DIRECTIVE 1
| #define HAVE_BUILTIN_MEMSET 1
| #define HAVE_CC_INHIBIT_LOOP_TO_LIBCALL 1
| #define HAVE_SELINUX 1
| /* end confdefs.h.  */
| 
| int
| main (void)
| {
| __builtin_dynamic_object_size("", 0)
|   ;
|   return 0;
| }
configure:7641: result: 2
configure:7673: checking whether the assembler requires one version per symbol
configure:7695: result: no
configure:7702: checking for __builtin_trap with no external dependencies
configure:7720: gcc -c -g -O2  conftest.c >&5
configure:7720: $? = 0
libc_undefs=''
configure:7735: result: yes
configure:7749: checking whether the C++ compiler supports thread_local
configure:7778: g++ -c -g -O2 -std=gnu++11  conftest.cpp >&5
configure:7778: $? = 0
configure:7788: result: yes
configure:7819: result: running configure fragment for sysdeps/unix/sysv/linux/x86_64/64
configure:7819: result: running configure fragment for sysdeps/unix/sysv/linux/x86_64
configure:7819: result: running configure fragment for sysdeps/unix/sysv/linux
configure:10: checking installed Linux kernel header files
configure:30: gcc -E  conftest.c
configure:30: $? = 0
configure:38: result: 3.2.0 or later
configure:72: checking for kernel header at least 3.2.0
configure:91: gcc -E  conftest.c
configure:91: $? = 0
configure:98: result: ok
configure:145: checking for symlinks in /opt/glibc/include
configure:162: result: ok
configure:7819: result: running configure fragment for sysdeps/gnu
configure:7819: result: running configure fragment for sysdeps/x86_64
configure:4: checking -mprefer-vector-width=128
configure:11: gcc -mprefer-vector-width=128 -xc /dev/null -S -o /dev/null
configure:14: $? = 0
configure:23: result: yes
configure:7819: result: running configure fragment for sysdeps/x86
configure:6: checking whether CET can be enabled
configure:18: gcc -c -g -O2 -fcf-protection -include cet.h conftest.c 1>&5
conftest.c:2:16: warning: missing terminating ' character
    2 | # error CET isn't available.
      |                ^
configure:21: $? = 0
configure:29: result: yes
configure:37: checking whether assembler supports CET
configure:47: gcc -c -g -O2 conftest.s -o conftest.o 1>&5
configure:50: $? = 0
configure:58: result: yes
configure:75: checking for linker x86 ISA level support
configure:133: gcc -g -O2  -nostartfiles -nostdlib -r -o conftest conftest1.S conftest2.S
configure:136: $? = 0
configure:145: result: yes
configure:150: checking for LAHF/SAHF instruction support
configure:158: gcc -g -O2  -fverbose-asm -S -o - -x c /dev/null
configure:161: $? = 0
configure:166: result: no
configure:172: checking for MOVBE instruction support
configure:180: gcc -g -O2  -fverbose-asm -S -o - -x c /dev/null
configure:183: $? = 0
configure:188: result: no
configure:7884: checking whether -fPIC is default
conftest.c:2:3: error: #error PIC is default.
    2 | # error PIC is default.
      |   ^~~~~
configure:7901: result: yes
configure:7906: checking whether -fPIE is default
conftest.c:2:3: error: #error PIE is default.
    2 | # error PIE is default.
      |   ^~~~~
configure:7923: result: yes
configure:7928: checking if we can build programs as PIE
configure:7936: gcc -c -g -O2  conftest.c >&5
configure:7936: $? = 0
configure:7943: result: yes
configure:7955: checking if we can build static PIE programs
configure:7966: gcc -c -g -O2  conftest.c >&5
configure:7966: $? = 0
configure:7974: result: yes
configure:8124: creating ./config.status

## ---------------------- ##
## Running config.status. ##
## ---------------------- ##

This file was extended by GNU C Library config.status (see version.h), which was
generated by GNU Autoconf 2.71.  Invocation command line was

  CONFIG_FILES    = 
  CONFIG_HEADERS  = 
  CONFIG_LINKS    = 
  CONFIG_COMMANDS = 
  $ ./config.status 

on mobileshizz-funkin-nldhohyts5j

config.status:956: creating config.make
config.status:956: creating Makefile
config.status:956: creating config.h
config.status:1130: executing default commands

## ---------------- ##
## Cache variables. ##
## ---------------- ##

ac_cv_build=x86_64-pc-linux-gnu
ac_cv_c_compiler_gnu=yes
ac_cv_cxx_compiler_gnu=yes
ac_cv_env_CCC_set=
ac_cv_env_CCC_value=
ac_cv_env_CC_set=
ac_cv_env_CC_value=
ac_cv_env_CFLAGS_set=
ac_cv_env_CFLAGS_value=
ac_cv_env_CPPFLAGS_set=
ac_cv_env_CPPFLAGS_value=
ac_cv_env_CPP_set=
ac_cv_env_CPP_value=
ac_cv_env_CXXFLAGS_set=
ac_cv_env_CXXFLAGS_value=
ac_cv_env_CXX_set=
ac_cv_env_CXX_value=
ac_cv_env_LDFLAGS_set=
ac_cv_env_LDFLAGS_value=
ac_cv_env_LIBS_set=
ac_cv_env_LIBS_value=
ac_cv_env_build_alias_set=
ac_cv_env_build_alias_value=
ac_cv_env_host_alias_set=
ac_cv_env_host_alias_value=
ac_cv_env_target_alias_set=
ac_cv_env_target_alias_value=
ac_cv_host=x86_64-pc-linux-gnu
ac_cv_lib_audit_audit_log_user_avc_message=no
ac_cv_lib_cap_cap_init=no
ac_cv_lib_selinux_is_selinux_enabled=yes
ac_cv_objext=o
ac_cv_path_BASH_SHELL=/usr/bin/bash
ac_cv_path_EGREP='/usr/bin/grep -E'
ac_cv_path_GREP=/usr/bin/grep
ac_cv_path_INSTALL_INFO=/usr/bin/install-info
ac_cv_path_PERL=/usr/bin/perl
ac_cv_path_install='/usr/bin/install -c'
ac_cv_prog_AWK=gawk
ac_cv_prog_BISON=bison
ac_cv_prog_LD=ld
ac_cv_prog_MAKE=gmake
ac_cv_prog_PYTHON_PROG=python3
ac_cv_prog_SED=sed
ac_cv_prog_ac_ct_CC=gcc
ac_cv_prog_ac_ct_CXX=g++
ac_cv_prog_cc_c11=
ac_cv_prog_cc_g=yes
ac_cv_prog_cc_stdc=
ac_cv_prog_cxx_cxx11=
ac_cv_prog_cxx_g=yes
ac_cv_prog_cxx_stdcxx=
libc_cv_as_noexecstack=yes
libc_cv_asm_set_directive=yes
libc_cv_broken_alias_attribute=no
libc_cv_builtin_trap=yes
libc_cv_cc_loop_to_function=yes
libc_cv_cc_mprefer_vector_width=yes
libc_cv_cc_nofma=-ffp-contract=off
libc_cv_cc_pie_default=yes
libc_cv_cc_signaling_nans=-fsignaling-nans
libc_cv_cc_with_libunwind=no
libc_cv_compiler_default_cet=yes
libc_cv_compiler_ok=yes
libc_cv_cxx_link_ok=yes
libc_cv_cxx_thread_local=yes
libc_cv_depaudit=yes
libc_cv_dt_relr=yes
libc_cv_fortify_source=no
libc_cv_fpie=yes
libc_cv_gcc_builtin_memset=yes
libc_cv_gcc_builtin_redirection=yes
libc_cv_gcc_incompatible_alias=yes
libc_cv_gcc_indirect_function=yes
libc_cv_gcc_unwind_find_fde=no
libc_cv_gnu_retain=yes
libc_cv_has_glob_dat=yes
libc_cv_have_sdata_section=no
libc_cv_have_section_quotes=no
libc_cv_have_x86_lahf_sahf=no
libc_cv_have_x86_movbe=no
libc_cv_idn=no
libc_cv_include_x86_isa_level=yes
libc_cv_insert=yes
libc_cv_ld_gnu_indirect_function=yes
libc_cv_linux320='3.2.0 or later'
libc_cv_localstatedir='${prefix}/var'
libc_cv_mtls_dialect_gnu2=yes
libc_cv_multidir=.
libc_cv_no_dynamic_linker=yes
libc_cv_nss_crypt=no
libc_cv_pic_default=yes
libc_cv_pie_supported=yes
libc_cv_protected_data=yes
libc_cv_ssp=yes
libc_cv_ssp_all=yes
libc_cv_ssp_strong=yes
libc_cv_static_nss_crypt=no
libc_cv_static_pie=yes
libc_cv_static_pie_supported=yes
libc_cv_supported_fortify_source=2
libc_cv_symver_needs_alias=no
libc_cv_sysconfdir='${prefix}/etc'
libc_cv_textrel_ifunc=yes
libc_cv_with_fp=yes
libc_cv_with_lld=no
libc_cv_wno_ignored_attributes=
libc_cv_x32=no
libc_cv_x86_cet_as=yes
libc_cv_x86_cet_available=yes
libc_cv_z_execstack=yes
libc_cv_z_start_stop_gc=yes

## ----------------- ##
## Output variables. ##
## ----------------- ##

AR='ar'
ASFLAGS_config=' -Wa,--noexecstack'
AUTOCONF='no'
AWK='gawk'
BASH_SHELL='/usr/bin/bash'
BISON='bison'
BUILD_CC=''
CC='gcc'
CFLAGS='-g -O2'
CPP='gcc -E'
CPPFLAGS=''
CXX='g++'
CXXFLAGS='-g -O2'
CXX_BITS_STD_ABS_H='/usr/include/c++/11/bits/std_abs.h'
CXX_CMATH_HEADER='/usr/include/c++/11/cmath'
CXX_CSTDLIB_HEADER='/usr/include/c++/11/cstdlib'
CXX_SYSINCLUDES=''
DEFINES=''
DEFS='-DHAVE_CONFIG_H'
ECHO_C=''
ECHO_N='-n'
ECHO_T=''
GPROF='gprof'
INSTALL_DATA='${INSTALL} -m 644'
INSTALL_INFO='/usr/bin/install-info'
INSTALL_PROGRAM='${INSTALL}'
INSTALL_SCRIPT='${INSTALL}'
LD='ld'
LDFLAGS=''
LIBGD='no'
LIBOBJS=''
LIBS=''
LN_S='ln -s'
LTLIBOBJS=''
MAKE='gmake'
MAKEINFO=':'
MSGFMT=':'
NM='nm'
OBJCOPY='objcopy'
OBJDUMP='objdump'
OBJEXT='o'
PACKAGE_BUGREPORT='https://sourceware.org/bugzilla/'
PACKAGE_NAME='GNU C Library'
PACKAGE_STRING='GNU C Library (see version.h)'
PACKAGE_TARNAME='glibc'
PACKAGE_URL='https://www.gnu.org/software/glibc/'
PACKAGE_VERSION='(see version.h)'
PATH_SEPARATOR=':'
PERL='/usr/bin/perl'
PKGVERSION='(GNU libc) '
PKGVERSION_TEXI='(GNU libc) '
PYTHON='python3 -B'
PYTHON_PROG='python3'
READELF='readelf'
RELEASE='stable'
REPORT_BUGS_TEXI='@uref{https://www.gnu.org/software/libc/bugs.html}'
REPORT_BUGS_TO='<https://www.gnu.org/software/libc/bugs.html>'
SED='sed'
SHELL='/bin/bash'
SYSINCLUDES=''
VERSION='2.38'
ac_ct_CC='gcc'
ac_ct_CXX='g++'
all_warnings=''
base_machine='x86_64'
bindir='${exec_prefix}/bin'
bindnow='no'
build='x86_64-pc-linux-gnu'
build_alias=''
build_cpu='x86_64'
build_crypt='no'
build_nscd='yes'
build_os='linux-gnu'
build_pt_chown='no'
build_vendor='pc'
cross_compiling='no'
datadir='${datarootdir}'
datarootdir='${prefix}/share'
docdir='${datarootdir}/doc/${PACKAGE_TARNAME}'
dvidir='${docdir}'
enable_fortify_source='no'
enable_timezone_tools='yes'
enable_werror='yes'
exec_prefix='${prefix}'
extra_nonshared_cflags=''
force_install='yes'
fortify_source='-Wp,-U_FORTIFY_SOURCE'
hardcoded_path_in_tests='no'
have_libaudit='no'
have_libcap='no'
have_selinux='yes'
host='x86_64-pc-linux-gnu'
host_alias=''
host_cpu='x86_64'
host_os='linux-gnu'
host_vendor='pc'
htmldir='${docdir}'
includedir='${prefix}/include'
infodir='${datarootdir}/info'
ldd_rewrite_script='sysdeps/unix/sysv/linux/x86_64/ldd-rewrite.sed'
libc_cv_cc_loop_to_function='yes'
libc_cv_cc_nofma='-ffp-contract=off'
libc_cv_cc_submachine=''
libc_cv_cc_with_libunwind='no'
libc_cv_complocaledir=''
libc_cv_cxx_thread_local='yes'
libc_cv_fortify_source='no'
libc_cv_fpie='yes'
libc_cv_gcc_unwind_find_fde='no'
libc_cv_has_glob_dat='yes'
libc_cv_insert='yes'
libc_cv_localstatedir='${prefix}/var'
libc_cv_mtls_dialect_gnu2='yes'
libc_cv_multidir='.'
libc_cv_nss_crypt='no'
libc_cv_protected_data='yes'
libc_cv_rootsbindir=''
libc_cv_rtlddir=''
libc_cv_slibdir=''
libc_cv_ssp='yes'
libc_cv_static_nss_crypt='no'
libc_cv_sysconfdir='${prefix}/etc'
libc_cv_textrel_ifunc='yes'
libc_cv_with_fp='yes'
libc_cv_z_execstack='yes'
libc_extra_cflags=''
libc_extra_cppflags=''
libdir='${exec_prefix}/lib'
libexecdir='${exec_prefix}/libexec'
localedir='${datarootdir}/locale'
localstatedir='${prefix}/var'
mach_interface_list=''
mandir='${datarootdir}/man'
memory_tagging='no'
multi_arch='default'
no_fortify_source='-Wp,-U_FORTIFY_SOURCE'
no_stack_protector='-fno-stack-protector -DSTACK_PROTECTOR_LEVEL=0'
oldincludedir='/usr/include'
pdfdir='${docdir}'
prefix='/opt/glibc'
profile='no'
program_transform_name='s,x,x,'
psdir='${docdir}'
pthread_in_libc='yes'
rtld_early_cflags=''
runstatedir='${localstatedir}/run'
sbindir='${exec_prefix}/sbin'
shared='yes'
sharedstatedir='${prefix}/com'
stack_protector='-fno-stack-protector'
static=''
static_nss='no'
subdirs=' '
submachine=''
sysconfdir='${prefix}/etc'
sysheaders=''
sysnames=' sysdeps/unix/sysv/linux/x86_64/64 sysdeps/unix/sysv/linux/x86_64 sysdeps/unix/sysv/linux/x86 sysdeps/x86/nptl sysdeps/unix/sysv/linux/wordsize-64 sysdeps/x86_64/nptl sysdeps/unix/sysv/linux sysdeps/nptl sysdeps/pthread sysdeps/gnu sysdeps/unix/inet sysdeps/unix/sysv sysdeps/unix/x86_64 sysdeps/unix sysdeps/posix sysdeps/x86_64/64 sysdeps/x86_64/fpu/multiarch sysdeps/x86_64/fpu sysdeps/x86/fpu sysdeps/x86_64/multiarch sysdeps/x86_64 sysdeps/x86 sysdeps/ieee754/float128 sysdeps/ieee754/ldbl-96 sysdeps/ieee754/dbl-64 sysdeps/ieee754/flt-32 sysdeps/wordsize-64 sysdeps/ieee754 sysdeps/generic'
target_alias=''
use_ldconfig='yes'
use_nscd='yes'

## ----------- ##
## confdefs.h. ##
## ----------- ##

/* confdefs.h */
#define PACKAGE_NAME "GNU C Library"
#define PACKAGE_TARNAME "glibc"
#define PACKAGE_VERSION "(see version.h)"
#define PACKAGE_STRING "GNU C Library (see version.h)"
#define PACKAGE_BUGREPORT "https://sourceware.org/bugzilla/"
#define PACKAGE_URL "https://www.gnu.org/software/glibc/"
#define PKGVERSION "(GNU libc) "
#define REPORT_BUGS_TO "<https://www.gnu.org/software/libc/bugs.html>"
#define TIMEOUTFACTOR 1
#define USE_PPC_SCV 1
#define HAVE_CC_NO_STACK_PROTECTOR 1
#define STACK_PROTECTOR_LEVEL 0
#define HAVE_GNU_RETAIN 1
#define USE_MULTIARCH 1
#define HAVE_ASM_SET_DIRECTIVE 1
#define HAVE_BUILTIN_MEMSET 1
#define HAVE_CC_INHIBIT_LOOP_TO_LIBCALL 1
#define HAVE_SELINUX 1
#define HAVE_BUILTIN_TRAP 1
#define __LINUX_KERNEL_VERSION (3 * 65536 + 2 * 256 + 0)
#define __LINUX_KERNEL_VERSION_STR "3.2.0"
#define __ABI_TAG_VERSION 3,2,0
#define HAVE_INLINED_SYSCALLS 1
#define DEFAULT_DL_X86_CET_CONTROL cet_elf_property
#define INCLUDE_X86_ISA_LEVEL 1
#define SUPPORT_STATIC_PIE 1
#define HAVE_IFUNC 1
#define HAVE_GCC_IFUNC 1
#define USE_NSCD 1
#define USE_LDCONFIG 1
#define ENABLE_STATIC_PIE 1
#define PTHREAD_IN_LIBC 1

configure: exit 0
